Arguments: 
  /home/daiqiang/.nvm/versions/node/v14.16.1/bin/node /home/daiqiang/.nvm/versions/node/v14.16.1/bin/yarn add -D @types/threejs

PATH: 
  /home/daiqiang/.nvm/versions/node/v14.16.1/bin:/usr/local/sbin:/usr/local/bin:/usr/sbin:/usr/bin:/sbin:/bin:/usr/games:/usr/local/games:/snap/bin

Yarn version: 
  1.22.10

Node version: 
  14.16.1

Platform: 
  linux x64

Trace: 
  Error: https://registry.yarnpkg.com/@types%2fthreejs: Not found
      at Request.params.callback [as _callback] (/home/daiqiang/.nvm/versions/node/v14.16.1/lib/node_modules/yarn/lib/cli.js:66988:18)
      at Request.self.callback (/home/daiqiang/.nvm/versions/node/v14.16.1/lib/node_modules/yarn/lib/cli.js:140662:22)
      at Request.emit (events.js:315:20)
      at Request.<anonymous> (/home/daiqiang/.nvm/versions/node/v14.16.1/lib/node_modules/yarn/lib/cli.js:141634:10)
      at Request.emit (events.js:315:20)
      at IncomingMessage.<anonymous> (/home/daiqiang/.nvm/versions/node/v14.16.1/lib/node_modules/yarn/lib/cli.js:141556:12)
      at Object.onceWrapper (events.js:421:28)
      at IncomingMessage.emit (events.js:327:22)
      at endReadableNT (internal/streams/readable.js:1327:12)
      at processTicksAndRejections (internal/process/task_queues.js:80:21)

npm manifest: 
  {
    "name": "vr",
    "version": "1.0.0",
    "main": "index.js",
    "author": "daiqiang",
    "license": "MIT",
    "devDependencies": {
      "esbuild": "^0.11.17",
      "three.js": "^0.77.1"
    }
  }

yarn manifest: 
  No manifest

Lockfile: 
  # THIS IS AN AUTOGENERATED FILE. DO NOT EDIT THIS FILE DIRECTLY.
  # yarn lockfile v1
  
  
  esbuild@^0.11.17:
    version "0.11.17"
    resolved "https://registry.yarnpkg.com/esbuild/-/esbuild-0.11.17.tgz#d2a929a918864ab3642178f4c0dc84784f863b53"
    integrity sha512-Yj+rQATpLLU36ymg0/laLXn9FUoiGUl7mDPUJ0toQ5nXKFrj/rmIEkQ34T1GeiV2cP2SrT0G0s7xiNuDcsIyBg==
  
  three.js@^0.77.1:
    version "0.77.1"
    resolved "https://registry.yarnpkg.com/three.js/-/three.js-0.77.1.tgz#07858a8749e4b627a31083252a2d987776cca32a"
    integrity sha1-B4WKh0nktiejEIMlKi2Yd3bMoyo=
    dependencies:
      three "0.77.0"
  
  three@0.77.0:
    version "0.77.0"
    resolved "https://registry.yarnpkg.com/three/-/three-0.77.0.tgz#8b0b1b00047689ceaa020d480a562ca60d87ff37"
    integrity sha1-iwsbAAR2ic6qAg1IClYspg2H/zc=
